------------------------------------------------------------------------------------------------------------------------

[2017-01-26 13:15:16 #1 store] 
Database 'C:\Users\jipgosaa\Documents\workspace-sts-3.8.2.RELEASE\WSRuralHouse-2017\resources\ruralHouses.odb' has been recovered (tr. 14-14)

[2017-01-26 13:15:16 #2 store] 
Database 'C:\Users\jipgosaa\Documents\workspace-sts-3.8.2.RELEASE\WSRuralHouse-2017\resources\ruralHouses.odb' is opened by 11120@U102188

[2017-01-26 13:15:16 #3 type] 
Type domain.RuralHouse is not enhanced.

[2017-01-26 13:15:16 #4 type] 
Type domain.Offer is not enhanced.

------------------------------------------------------------------------------------------------------------------------

[2017-01-26 13:16:14 #1 store] 
Database 'C:\Users\jipgosaa\Documents\workspace-sts-3.8.2.RELEASE\WSRuralHouse-2017\resources\ruralHouses.odb' has been recovered (tr. 15-15)

[2017-01-26 13:16:14 #2 store] 
Database 'C:\Users\jipgosaa\Documents\workspace-sts-3.8.2.RELEASE\WSRuralHouse-2017\resources\ruralHouses.odb' is opened by 9584@U102188

[2017-01-26 13:16:14 #3 type] 
Type domain.RuralHouse is not enhanced.

[2017-01-26 13:16:14 #4 type] 
Type domain.Offer is not enhanced.

------------------------------------------------------------------------------------------------------------------------

[2017-01-26 13:16:59 #1 store] 
Database 'C:\Users\jipgosaa\Documents\workspace-sts-3.8.2.RELEASE\WSRuralHouse-2017\resources\ruralHouses.odb' has been recovered (tr. 16-16)

[2017-01-26 13:16:59 #2 store] 
Database 'C:\Users\jipgosaa\Documents\workspace-sts-3.8.2.RELEASE\WSRuralHouse-2017\resources\ruralHouses.odb' is opened by 1040@U102188

[2017-01-26 13:16:59 #3 type] 
Type domain.RuralHouse is not enhanced.

[2017-01-26 13:16:59 #4 type] 
Type domain.Offer is not enhanced.

------------------------------------------------------------------------------------------------------------------------

[2017-01-26 13:19:09 #1 store] 
Database 'C:\Users\jipgosaa\Documents\workspace-sts-3.8.2.RELEASE\WSRuralHouse-2017\resources\ruralHouses.odb' has been recovered (tr. 17-17)

[2017-01-26 13:19:09 #2 store] 
Database 'C:\Users\jipgosaa\Documents\workspace-sts-3.8.2.RELEASE\WSRuralHouse-2017\resources\ruralHouses.odb' is opened by 9408@U102188

[2017-01-26 13:19:09 #3 type] 
Type domain.RuralHouse is not enhanced.

[2017-01-26 13:19:09 #4 type] 
Type domain.Offer is not enhanced.

------------------------------------------------------------------------------------------------------------------------

[2017-01-26 13:19:55 #1 store] 
Database 'C:\Users\jipgosaa\Documents\workspace-sts-3.8.2.RELEASE\WSRuralHouse-2017\resources\ruralHouses.odb' has been recovered (tr. 18-18)

[2017-01-26 13:19:55 #2 store] 
Database 'C:\Users\jipgosaa\Documents\workspace-sts-3.8.2.RELEASE\WSRuralHouse-2017\resources\ruralHouses.odb' is opened by 9248@U102188

[2017-01-26 13:19:55 #3 type] 
Type domain.RuralHouse is not enhanced.

[2017-01-26 13:19:55 #4 type] 
Type domain.Offer is not enhanced.

------------------------------------------------------------------------------------------------------------------------

[2017-01-26 13:22:10 #1 store] 
Database 'C:\Users\jipgosaa\Documents\workspace-sts-3.8.2.RELEASE\WSRuralHouse-2017\resources\ruralHouses.odb' has been recovered (tr. 19-19)

[2017-01-26 13:22:10 #2 store] 
Database 'C:\Users\jipgosaa\Documents\workspace-sts-3.8.2.RELEASE\WSRuralHouse-2017\resources\ruralHouses.odb' is opened by 8572@U102188

[2017-01-26 13:22:10 #3 type] 
Type domain.RuralHouse is not enhanced.

[2017-01-26 13:22:10 #4 type] 
Type domain.Offer is not enhanced.

------------------------------------------------------------------------------------------------------------------------

[2017-01-26 13:24:22 #1 store] 
Database 'C:\Users\jipgosaa\Documents\workspace-sts-3.8.2.RELEASE\WSRuralHouse-2017\resources\ruralHouses.odb' has been recovered (tr. 20-20)

[2017-01-26 13:24:22 #2 store] 
Database 'C:\Users\jipgosaa\Documents\workspace-sts-3.8.2.RELEASE\WSRuralHouse-2017\resources\ruralHouses.odb' is opened by 11884@U102188

[2017-01-26 13:24:22 #3 type] 
Type domain.RuralHouse is not enhanced.

[2017-01-26 13:24:22 #4 type] 
Type domain.Offer is not enhanced.

