------------------------------------------------------------------------------------------------------------------------

[2017-01-19 10:33:38 #1 store] 
Database 'C:\Users\jipgosaa\Documents\workspace-sts-3.8.2.RELEASE\WSRuralHouse-2017int\ruralHouses.odb' has been recovered (tr. 55-56)

[2017-01-19 10:33:38 #2 store] 
Database 'C:\Users\jipgosaa\Documents\workspace-sts-3.8.2.RELEASE\WSRuralHouse-2017int\ruralHouses.odb' is opened by 11036@U102188

[2017-01-19 10:33:39 #3 type] 
Type domain.RuralHouse is not enhanced.

[2017-01-19 10:33:39 #4 type] 
Type domain.Offer is not enhanced.

------------------------------------------------------------------------------------------------------------------------

[2017-01-19 10:34:07 #1 store] 
Database 'C:\Users\jipgosaa\Documents\workspace-sts-3.8.2.RELEASE\WSRuralHouse-2017int\ruralHouses.odb' has been recovered (tr. 57-57)

[2017-01-19 10:34:07 #2 store] 
Database 'C:\Users\jipgosaa\Documents\workspace-sts-3.8.2.RELEASE\WSRuralHouse-2017int\ruralHouses.odb' is opened by 11976@U102188

[2017-01-19 10:34:07 #3 type] 
Type domain.RuralHouse is not enhanced.

[2017-01-19 10:34:07 #4 type] 
Type domain.Offer is not enhanced.

------------------------------------------------------------------------------------------------------------------------

[2017-01-19 10:37:28 #1 store] 
Database 'C:\Users\jipgosaa\Documents\workspace-sts-3.8.2.RELEASE\WSRuralHouse-2017int\ruralHouses.odb' has been recovered (tr. 58-58)

[2017-01-19 10:37:28 #2 store] 
Database 'C:\Users\jipgosaa\Documents\workspace-sts-3.8.2.RELEASE\WSRuralHouse-2017int\ruralHouses.odb' is opened by 11000@U102188

[2017-01-19 10:37:28 #3 type] 
Type domain.RuralHouse is not enhanced.

[2017-01-19 10:37:28 #4 type] 
Type domain.Offer is not enhanced.

------------------------------------------------------------------------------------------------------------------------

[2017-01-19 10:37:44 #1 store] 
Database 'C:\Users\jipgosaa\Documents\workspace-sts-3.8.2.RELEASE\WSRuralHouse-2017int\ruralHouses.odb' has been recovered (tr. 59-59)

[2017-01-19 10:37:44 #2 store] 
Database 'C:\Users\jipgosaa\Documents\workspace-sts-3.8.2.RELEASE\WSRuralHouse-2017int\ruralHouses.odb' is opened by 5808@U102188

[2017-01-19 10:37:44 #3 type] 
Type domain.RuralHouse is not enhanced.

[2017-01-19 10:37:44 #4 type] 
Type domain.Offer is not enhanced.

------------------------------------------------------------------------------------------------------------------------

[2017-01-19 10:38:10 #1 store] 
Database 'C:\Users\jipgosaa\Documents\workspace-sts-3.8.2.RELEASE\WSRuralHouse-2017int\ruralHouses.odb' has been recovered (tr. 60-60)

[2017-01-19 10:38:10 #2 store] 
Database 'C:\Users\jipgosaa\Documents\workspace-sts-3.8.2.RELEASE\WSRuralHouse-2017int\ruralHouses.odb' is opened by 7632@U102188

[2017-01-19 10:38:10 #3 type] 
Type domain.RuralHouse is not enhanced.

[2017-01-19 10:38:10 #4 type] 
Type domain.Offer is not enhanced.

------------------------------------------------------------------------------------------------------------------------

[2017-01-19 10:38:51 #1 store] 
Database 'C:\Users\jipgosaa\Documents\workspace-sts-3.8.2.RELEASE\WSRuralHouse-2017int\ruralHouses.odb' has been recovered (tr. 61-61)

[2017-01-19 10:38:51 #2 store] 
Database 'C:\Users\jipgosaa\Documents\workspace-sts-3.8.2.RELEASE\WSRuralHouse-2017int\ruralHouses.odb' is opened by 5136@U102188

[2017-01-19 10:38:51 #3 type] 
Type domain.RuralHouse is not enhanced.

[2017-01-19 10:38:51 #4 type] 
Type domain.Offer is not enhanced.

------------------------------------------------------------------------------------------------------------------------

[2017-01-19 10:40:02 #1 store] 
Database 'C:\Users\jipgosaa\Documents\workspace-sts-3.8.2.RELEASE\WSRuralHouse-2017int\ruralHouses.odb' has been recovered (tr. 62-62)

[2017-01-19 10:40:02 #2 store] 
Database 'C:\Users\jipgosaa\Documents\workspace-sts-3.8.2.RELEASE\WSRuralHouse-2017int\ruralHouses.odb' is opened by 11244@U102188

[2017-01-19 10:40:03 #3 type] 
Type domain.RuralHouse is not enhanced.

[2017-01-19 10:40:03 #4 type] 
Type domain.Offer is not enhanced.

------------------------------------------------------------------------------------------------------------------------

[2017-01-19 10:40:51 #1 store] 
Database 'C:\Users\jipgosaa\Documents\workspace-sts-3.8.2.RELEASE\WSRuralHouse-2017int\ruralHouses.odb' has been recovered (tr. 63-63)

[2017-01-19 10:40:51 #2 store] 
Database 'C:\Users\jipgosaa\Documents\workspace-sts-3.8.2.RELEASE\WSRuralHouse-2017int\ruralHouses.odb' is opened by 9660@U102188

[2017-01-19 10:40:51 #3 type] 
Type domain.RuralHouse is not enhanced.

[2017-01-19 10:40:51 #4 type] 
Type domain.Offer is not enhanced.

------------------------------------------------------------------------------------------------------------------------

[2017-01-19 10:42:52 #1 store] 
Database 'C:\Users\jipgosaa\Documents\workspace-sts-3.8.2.RELEASE\WSRuralHouse-2017int\ruralHouses.odb' has been recovered (tr. 64-64)

[2017-01-19 10:42:52 #2 store] 
Database 'C:\Users\jipgosaa\Documents\workspace-sts-3.8.2.RELEASE\WSRuralHouse-2017int\ruralHouses.odb' is opened by 11348@U102188

[2017-01-19 10:42:52 #3 type] 
Type domain.RuralHouse is not enhanced.

[2017-01-19 10:42:52 #4 type] 
Type domain.Offer is not enhanced.

------------------------------------------------------------------------------------------------------------------------

[2017-01-19 10:49:10 #1 store] 
Database 'C:\Users\jipgosaa\Documents\workspace-sts-3.8.2.RELEASE\WSRuralHouse-2017int\ruralHouses.odb' has been recovered (tr. 65-65)

[2017-01-19 10:49:10 #2 store] 
Database 'C:\Users\jipgosaa\Documents\workspace-sts-3.8.2.RELEASE\WSRuralHouse-2017int\ruralHouses.odb' is opened by 10228@U102188

[2017-01-19 10:49:10 #3 type] 
Type domain.RuralHouse is not enhanced.

[2017-01-19 10:49:10 #4 type] 
Type domain.Offer is not enhanced.

------------------------------------------------------------------------------------------------------------------------

[2017-01-19 10:51:28 #1 store] 
Database 'C:\Users\jipgosaa\Documents\workspace-sts-3.8.2.RELEASE\WSRuralHouse-2017int\ruralHouses.odb' has been recovered (tr. 66-66)

[2017-01-19 10:51:28 #2 store] 
Database 'C:\Users\jipgosaa\Documents\workspace-sts-3.8.2.RELEASE\WSRuralHouse-2017int\ruralHouses.odb' is opened by 11632@U102188

[2017-01-19 10:51:28 #3 type] 
Type domain.RuralHouse is not enhanced.

[2017-01-19 10:51:28 #4 type] 
Type domain.Offer is not enhanced.

------------------------------------------------------------------------------------------------------------------------

[2017-01-19 10:52:58 #1 store] 
Database 'C:\Users\jipgosaa\Documents\workspace-sts-3.8.2.RELEASE\WSRuralHouse-2017int\ruralHouses.odb' has been recovered (tr. 67-67)

[2017-01-19 10:52:58 #2 store] 
Database 'C:\Users\jipgosaa\Documents\workspace-sts-3.8.2.RELEASE\WSRuralHouse-2017int\ruralHouses.odb' is opened by 10004@U102188

[2017-01-19 10:52:58 #3 type] 
Type domain.RuralHouse is not enhanced.

[2017-01-19 10:52:58 #4 type] 
Type domain.Offer is not enhanced.

------------------------------------------------------------------------------------------------------------------------

[2017-01-19 10:54:18 #1 store] 
Database 'C:\Users\jipgosaa\Documents\workspace-sts-3.8.2.RELEASE\WSRuralHouse-2017int\ruralHouses.odb' has been recovered (tr. 68-68)

[2017-01-19 10:54:18 #2 store] 
Database 'C:\Users\jipgosaa\Documents\workspace-sts-3.8.2.RELEASE\WSRuralHouse-2017int\ruralHouses.odb' is opened by 12004@U102188

[2017-01-19 10:54:18 #3 type] 
Type domain.RuralHouse is not enhanced.

[2017-01-19 10:54:18 #4 type] 
Type domain.Offer is not enhanced.

------------------------------------------------------------------------------------------------------------------------

[2017-01-19 10:58:47 #1 store] 
Database 'C:\Users\jipgosaa\Documents\workspace-sts-3.8.2.RELEASE\WSRuralHouse-2017int\ruralHouses.odb' has been recovered (tr. 69-70)

[2017-01-19 10:58:48 #2 store] 
Database 'C:\Users\jipgosaa\Documents\workspace-sts-3.8.2.RELEASE\WSRuralHouse-2017int\ruralHouses.odb' is opened by 10888@U102188

[2017-01-19 10:58:48 #3 type] 
Type domain.RuralHouse is not enhanced.

[2017-01-19 10:58:48 #4 type] 
Type domain.Offer is not enhanced.

------------------------------------------------------------------------------------------------------------------------

[2017-01-19 11:00:20 #1 store] 
Database 'C:\Users\jipgosaa\Documents\workspace-sts-3.8.2.RELEASE\WSRuralHouse-2017int\ruralHouses.odb' has been recovered (tr. 71-71)

[2017-01-19 11:00:20 #2 store] 
Database 'C:\Users\jipgosaa\Documents\workspace-sts-3.8.2.RELEASE\WSRuralHouse-2017int\ruralHouses.odb' is opened by 10808@U102188

[2017-01-19 11:00:20 #3 type] 
Type domain.RuralHouse is not enhanced.

[2017-01-19 11:00:20 #4 type] 
Type domain.Offer is not enhanced.

------------------------------------------------------------------------------------------------------------------------

[2017-01-19 11:03:09 #1 store] 
Database 'C:\Users\jipgosaa\Documents\workspace-sts-3.8.2.RELEASE\WSRuralHouse-2017int\ruralHouses.odb' has been recovered (tr. 72-72)

[2017-01-19 11:03:09 #2 store] 
Database 'C:\Users\jipgosaa\Documents\workspace-sts-3.8.2.RELEASE\WSRuralHouse-2017int\ruralHouses.odb' is opened by 12204@U102188

[2017-01-19 11:03:09 #3 type] 
Type domain.RuralHouse is not enhanced.

[2017-01-19 11:03:09 #4 type] 
Type domain.Offer is not enhanced.

------------------------------------------------------------------------------------------------------------------------

[2017-01-19 11:04:56 #1 store] 
Database 'C:\Users\jipgosaa\Documents\workspace-sts-3.8.2.RELEASE\WSRuralHouse-2017int\ruralHouses.odb' has been recovered (tr. 73-73)

[2017-01-19 11:04:56 #2 store] 
Database 'C:\Users\jipgosaa\Documents\workspace-sts-3.8.2.RELEASE\WSRuralHouse-2017int\ruralHouses.odb' is opened by 4680@U102188

[2017-01-19 11:04:57 #3 type] 
Type domain.RuralHouse is not enhanced.

[2017-01-19 11:04:57 #4 type] 
Type domain.Offer is not enhanced.

------------------------------------------------------------------------------------------------------------------------

[2017-01-19 11:05:30 #1 store] 
Database 'C:\Users\jipgosaa\Documents\workspace-sts-3.8.2.RELEASE\WSRuralHouse-2017int\ruralHouses.odb' has been recovered (tr. 74-74)

[2017-01-19 11:05:30 #2 store] 
Database 'C:\Users\jipgosaa\Documents\workspace-sts-3.8.2.RELEASE\WSRuralHouse-2017int\ruralHouses.odb' is opened by 8052@U102188

[2017-01-19 11:05:30 #3 type] 
Type domain.RuralHouse is not enhanced.

[2017-01-19 11:05:30 #4 type] 
Type domain.Offer is not enhanced.

------------------------------------------------------------------------------------------------------------------------

[2017-01-19 11:06:37 #1 store] 
Database 'C:\Users\jipgosaa\Documents\workspace-sts-3.8.2.RELEASE\WSRuralHouse-2017int\ruralHouses.odb' has been recovered (tr. 75-75)

[2017-01-19 11:06:37 #2 store] 
Database 'C:\Users\jipgosaa\Documents\workspace-sts-3.8.2.RELEASE\WSRuralHouse-2017int\ruralHouses.odb' is opened by 5216@U102188

[2017-01-19 11:06:37 #3 type] 
Type domain.RuralHouse is not enhanced.

[2017-01-19 11:06:37 #4 type] 
Type domain.Offer is not enhanced.

------------------------------------------------------------------------------------------------------------------------

[2017-01-19 11:07:50 #1 store] 
Database 'C:\Users\jipgosaa\Documents\workspace-sts-3.8.2.RELEASE\WSRuralHouse-2017int\ruralHouses.odb' has been recovered (tr. 76-76)

[2017-01-19 11:07:50 #2 store] 
Database 'C:\Users\jipgosaa\Documents\workspace-sts-3.8.2.RELEASE\WSRuralHouse-2017int\ruralHouses.odb' is opened by 12004@U102188

[2017-01-19 11:07:51 #3 type] 
Type domain.RuralHouse is not enhanced.

[2017-01-19 11:07:51 #4 type] 
Type domain.Offer is not enhanced.

------------------------------------------------------------------------------------------------------------------------

[2017-01-19 11:13:03 #1 store] 
Database 'C:\Users\jipgosaa\Documents\workspace-sts-3.8.2.RELEASE\WSRuralHouse-2017int\ruralHouses.odb' has been recovered (tr. 77-77)

[2017-01-19 11:13:03 #2 store] 
Database 'C:\Users\jipgosaa\Documents\workspace-sts-3.8.2.RELEASE\WSRuralHouse-2017int\ruralHouses.odb' is opened by 9224@U102188

[2017-01-19 11:13:03 #3 type] 
Type domain.RuralHouse is not enhanced.

[2017-01-19 11:13:03 #4 type] 
Type domain.Offer is not enhanced.

------------------------------------------------------------------------------------------------------------------------

[2017-01-19 11:16:57 #1 store] 
Database 'C:\Users\jipgosaa\Documents\workspace-sts-3.8.2.RELEASE\WSRuralHouse-2017int\ruralHouses.odb' has been recovered (tr. 78-78)

[2017-01-19 11:16:57 #2 store] 
Database 'C:\Users\jipgosaa\Documents\workspace-sts-3.8.2.RELEASE\WSRuralHouse-2017int\ruralHouses.odb' is opened by 6864@U102188

[2017-01-19 11:16:57 #3 type] 
Type domain.RuralHouse is not enhanced.

[2017-01-19 11:16:57 #4 type] 
Type domain.Offer is not enhanced.

------------------------------------------------------------------------------------------------------------------------

[2017-01-19 11:17:56 #1 store] 
Database 'C:\Users\jipgosaa\Documents\workspace-sts-3.8.2.RELEASE\WSRuralHouse-2017int\ruralHouses.odb' has been recovered (tr. 79-79)

[2017-01-19 11:17:56 #2 store] 
Database 'C:\Users\jipgosaa\Documents\workspace-sts-3.8.2.RELEASE\WSRuralHouse-2017int\ruralHouses.odb' is opened by 11484@U102188

[2017-01-19 11:17:56 #3 type] 
Type domain.RuralHouse is not enhanced.

[2017-01-19 11:17:56 #4 type] 
Type domain.Offer is not enhanced.

------------------------------------------------------------------------------------------------------------------------

[2017-01-19 11:19:50 #1 store] 
Database 'C:\Users\jipgosaa\Documents\workspace-sts-3.8.2.RELEASE\WSRuralHouse-2017int\ruralHouses.odb' has been recovered (tr. 80-80)

[2017-01-19 11:19:50 #2 store] 
Database 'C:\Users\jipgosaa\Documents\workspace-sts-3.8.2.RELEASE\WSRuralHouse-2017int\ruralHouses.odb' is opened by 11428@U102188

[2017-01-19 11:19:50 #3 type] 
Type domain.RuralHouse is not enhanced.

[2017-01-19 11:19:50 #4 type] 
Type domain.Offer is not enhanced.

------------------------------------------------------------------------------------------------------------------------

[2017-01-19 11:20:01 #1 store] 
Database 'C:\Users\jipgosaa\Documents\workspace-sts-3.8.2.RELEASE\WSRuralHouse-2017int\ruralHouses.odb' has been recovered (tr. 81-81)

[2017-01-19 11:20:01 #2 store] 
Database 'C:\Users\jipgosaa\Documents\workspace-sts-3.8.2.RELEASE\WSRuralHouse-2017int\ruralHouses.odb' is opened by 6488@U102188

[2017-01-19 11:20:01 #3 type] 
Type domain.RuralHouse is not enhanced.

[2017-01-19 11:20:01 #4 type] 
Type domain.Offer is not enhanced.

------------------------------------------------------------------------------------------------------------------------

[2017-01-19 11:23:24 #1 store] 
Database 'C:\Users\jipgosaa\Documents\workspace-sts-3.8.2.RELEASE\WSRuralHouse-2017int\ruralHouses.odb' has been recovered (tr. 82-82)

[2017-01-19 11:23:24 #2 store] 
Database 'C:\Users\jipgosaa\Documents\workspace-sts-3.8.2.RELEASE\WSRuralHouse-2017int\ruralHouses.odb' is opened by 9136@U102188

[2017-01-19 11:23:24 #3 type] 
Type domain.RuralHouse is not enhanced.

[2017-01-19 11:23:24 #4 type] 
Type domain.Offer is not enhanced.

------------------------------------------------------------------------------------------------------------------------

[2017-01-19 11:23:45 #1 store] 
Database 'C:\Users\jipgosaa\Documents\workspace-sts-3.8.2.RELEASE\WSRuralHouse-2017int\ruralHouses.odb' has been recovered (tr. 83-83)

[2017-01-19 11:23:45 #2 store] 
Database 'C:\Users\jipgosaa\Documents\workspace-sts-3.8.2.RELEASE\WSRuralHouse-2017int\ruralHouses.odb' is opened by 8020@U102188

[2017-01-19 11:23:45 #3 type] 
Type domain.RuralHouse is not enhanced.

[2017-01-19 11:23:46 #4 type] 
Type domain.Offer is not enhanced.

------------------------------------------------------------------------------------------------------------------------

[2017-01-19 11:25:08 #1 store] 
Database 'C:\Users\jipgosaa\Documents\workspace-sts-3.8.2.RELEASE\WSRuralHouse-2017int\ruralHouses.odb' has been recovered (tr. 84-84)

[2017-01-19 11:25:08 #2 store] 
Database 'C:\Users\jipgosaa\Documents\workspace-sts-3.8.2.RELEASE\WSRuralHouse-2017int\ruralHouses.odb' is opened by 7780@U102188

[2017-01-19 11:25:09 #3 type] 
Type domain.RuralHouse is not enhanced.

[2017-01-19 11:25:09 #4 type] 
Type domain.Offer is not enhanced.

------------------------------------------------------------------------------------------------------------------------

[2017-01-19 11:26:29 #1 store] 
Database 'C:\Users\jipgosaa\Documents\workspace-sts-3.8.2.RELEASE\WSRuralHouse-2017int\ruralHouses.odb' has been recovered (tr. 85-85)

[2017-01-19 11:26:29 #2 store] 
Database 'C:\Users\jipgosaa\Documents\workspace-sts-3.8.2.RELEASE\WSRuralHouse-2017int\ruralHouses.odb' is opened by 11000@U102188

[2017-01-19 11:26:29 #3 type] 
Type domain.RuralHouse is not enhanced.

[2017-01-19 11:26:29 #4 type] 
Type domain.Offer is not enhanced.

------------------------------------------------------------------------------------------------------------------------

[2017-01-19 11:27:58 #1 store] 
Database 'C:\Users\jipgosaa\Documents\workspace-sts-3.8.2.RELEASE\WSRuralHouse-2017int\resources\ruralHouses.odb' is opened by 10304@U102188

[2017-01-19 11:27:58 #2 type.registry] 
New type domain.RuralHouse

[2017-01-19 11:27:58 #3 type] 
Type domain.RuralHouse is not enhanced.

[2017-01-19 11:27:58 #4 type.registry] 
New type domain.Offer

[2017-01-19 11:27:59 #5 type.registry] 
New type java.util.Vector<domain.Offer>

[2017-01-19 11:27:59 #6 type] 
Type domain.Offer is not enhanced.

[2017-01-19 11:27:59 #7 type.registry] 
New type java.util.Vector<java.lang.Object>

------------------------------------------------------------------------------------------------------------------------

[2017-01-19 11:28:18 #1 store] 
Database 'C:\Users\jipgosaa\Documents\workspace-sts-3.8.2.RELEASE\WSRuralHouse-2017int\resources\ruralHouses.odb' has been recovered (tr. 1-5)

[2017-01-19 11:28:18 #2 store] 
Database 'C:\Users\jipgosaa\Documents\workspace-sts-3.8.2.RELEASE\WSRuralHouse-2017int\resources\ruralHouses.odb' is opened by 11612@U102188

[2017-01-19 11:28:18 #3 type] 
Type domain.RuralHouse is not enhanced.

[2017-01-19 11:28:18 #4 type] 
Type domain.Offer is not enhanced.

------------------------------------------------------------------------------------------------------------------------

[2017-01-19 11:55:57 #1 store] 
Database 'C:\Users\jipgosaa\Documents\workspace-sts-3.8.2.RELEASE\WSRuralHouse-2017\resources\ruralHouses.odb' is opened by 10496@U102188

[2017-01-19 11:55:57 #2 type.registry] 
New type domain.RuralHouse

[2017-01-19 11:55:57 #3 type] 
Type domain.RuralHouse is not enhanced.

[2017-01-19 11:55:57 #4 type.registry] 
New type domain.Offer

[2017-01-19 11:55:57 #5 type.registry] 
New type java.util.Vector<domain.Offer>

[2017-01-19 11:55:57 #6 type] 
Type domain.Offer is not enhanced.

[2017-01-19 11:55:57 #7 type.registry] 
New type java.util.Vector<java.lang.Object>

------------------------------------------------------------------------------------------------------------------------

[2017-01-19 11:58:53 #1 store] 
Database 'C:\Users\jipgosaa\Documents\workspace-sts-3.8.2.RELEASE\WSRuralHouse-2017\resources\ruralHouses.odb' has been recovered (tr. 1-8)

[2017-01-19 11:58:53 #2 store] 
Database 'C:\Users\jipgosaa\Documents\workspace-sts-3.8.2.RELEASE\WSRuralHouse-2017\resources\ruralHouses.odb' is opened by 8200@U102188

[2017-01-19 11:58:53 #3 type] 
Type domain.RuralHouse is not enhanced.

[2017-01-19 11:58:53 #4 type] 
Type domain.Offer is not enhanced.

------------------------------------------------------------------------------------------------------------------------

[2017-01-19 11:59:09 #1 store] 
Database 'C:\Users\jipgosaa\Documents\workspace-sts-3.8.2.RELEASE\WSRuralHouse-2017\resources\ruralHouses.odb' is opened by 7476@U102188

[2017-01-19 11:59:09 #2 type.registry] 
New type domain.RuralHouse

[2017-01-19 11:59:09 #3 type] 
Type domain.RuralHouse is not enhanced.

[2017-01-19 11:59:09 #4 type.registry] 
New type domain.Offer

[2017-01-19 11:59:09 #5 type.registry] 
New type java.util.Vector<domain.Offer>

[2017-01-19 11:59:09 #6 type] 
Type domain.Offer is not enhanced.

[2017-01-19 11:59:09 #7 type.registry] 
New type java.util.Vector<java.lang.Object>

------------------------------------------------------------------------------------------------------------------------

[2017-01-19 12:28:22 #1 store] 
Database 'C:\Users\jipgosaa\Documents\workspace-sts-3.8.2.RELEASE\WSRuralHouse-2017\resources\ruralHouses.odb' is opened by 7036@U102188

[2017-01-19 12:28:22 #2 type.registry] 
New type domain.RuralHouse

[2017-01-19 12:28:22 #3 type] 
Type domain.RuralHouse is not enhanced.

[2017-01-19 12:28:22 #4 type.registry] 
New type domain.Offer

[2017-01-19 12:28:22 #5 type.registry] 
New type java.util.Vector<domain.Offer>

[2017-01-19 12:28:22 #6 type] 
Type domain.Offer is not enhanced.

[2017-01-19 12:28:22 #7 type.registry] 
New type java.util.Vector<java.lang.Object>

------------------------------------------------------------------------------------------------------------------------

[2017-01-19 12:29:39 #1 store] 
Database 'C:\Users\jipgosaa\Documents\workspace-sts-3.8.2.RELEASE\WSRuralHouse-2017\resources\ruralHouses.odb' has been recovered (tr. 1-5)

[2017-01-19 12:29:39 #2 store] 
Database 'C:\Users\jipgosaa\Documents\workspace-sts-3.8.2.RELEASE\WSRuralHouse-2017\resources\ruralHouses.odb' is opened by 11592@U102188

[2017-01-19 12:29:40 #3 type] 
Type domain.RuralHouse is not enhanced.

[2017-01-19 12:29:40 #4 type] 
Type domain.Offer is not enhanced.

------------------------------------------------------------------------------------------------------------------------

[2017-01-19 16:20:58 #1 store] 
Database 'C:\Users\jipgosaa\Documents\workspace-sts-3.8.2.RELEASE\WSRuralHouse-2017\resources\ruralHouses.odb' has been recovered (tr. 6-6)

[2017-01-19 16:20:58 #2 store] 
Database 'C:\Users\jipgosaa\Documents\workspace-sts-3.8.2.RELEASE\WSRuralHouse-2017\resources\ruralHouses.odb' is opened by 10412@U102188

[2017-01-19 16:20:58 #3 type] 
Type domain.RuralHouse is not enhanced.

[2017-01-19 16:20:58 #4 type] 
Type domain.Offer is not enhanced.

