------------------------------------------------------------------------------------------------------------------------

[2017-01-16 13:12:31 #1 store] 
Database 'C:\Users\jipgosaa\Documents\workspace-sts-3.8.2.RELEASE\WSRuralHouse-2017\ruralHouses.odb' is opened by 10980@U102188

[2017-01-16 13:12:31 #2 type.registry] 
New type domain.RuralHouse

[2017-01-16 13:12:31 #3 type] 
Type domain.RuralHouse is not enhanced.

[2017-01-16 13:12:31 #4 type.registry] 
New type domain.Offer

[2017-01-16 13:12:31 #5 type.registry] 
New type java.util.Vector<domain.Offer>

[2017-01-16 13:12:31 #6 type] 
Type domain.Offer is not enhanced.

[2017-01-16 13:12:31 #7 type.registry] 
New type java.util.Vector<java.lang.Object>

------------------------------------------------------------------------------------------------------------------------

[2017-01-16 13:13:51 #1 store] 
Database 'C:\Users\jipgosaa\Documents\workspace-sts-3.8.2.RELEASE\WSRuralHouse-2017\ruralHouses.odb' has been recovered (tr. 1-7)

[2017-01-16 13:13:51 #2 store] 
Database 'C:\Users\jipgosaa\Documents\workspace-sts-3.8.2.RELEASE\WSRuralHouse-2017\ruralHouses.odb' is opened by 11152@U102188

[2017-01-16 13:13:51 #3 type] 
Type domain.RuralHouse is not enhanced.

[2017-01-16 13:13:51 #4 type] 
Type domain.Offer is not enhanced.

------------------------------------------------------------------------------------------------------------------------

[2017-01-16 13:26:00 #1 store] 
Database 'C:\Users\jipgosaa\Documents\workspace-sts-3.8.2.RELEASE\WSRuralHouse-2017\resources\ruralHouses.odb' is opened by 9900@U102188

[2017-01-16 13:26:00 #2 type.registry] 
New type domain.RuralHouse

[2017-01-16 13:26:00 #3 type] 
Type domain.RuralHouse is not enhanced.

[2017-01-16 13:26:00 #4 type.registry] 
New type domain.Offer

[2017-01-16 13:26:00 #5 type.registry] 
New type java.util.Vector<domain.Offer>

[2017-01-16 13:26:00 #6 type] 
Type domain.Offer is not enhanced.

[2017-01-16 13:26:00 #7 type.registry] 
New type java.util.Vector<java.lang.Object>

